#
# There is insufficient memory for the Java Runtime Environment to continue.
# Native memory allocation (malloc) failed to allocate 743936 bytes for Chunk::new
# Possible reasons:
#   The system is out of physical RAM or swap space
#   In 32 bit mode, the process size limit was hit
# Possible solutions:
#   Reduce memory load on the system
#   Increase physical memory or swap space
#   Check if swap backing store is full
#   Use 64 bit Java on a 64 bit OS
#   Decrease Java heap size (-Xmx/-Xms)
#   Decrease number of Java threads
#   Decrease Java thread stack sizes (-Xss)
#   Set larger code cache with -XX:ReservedCodeCacheSize=
# This output file may be truncated or incomplete.
#
#  Out of Memory Error (allocation.cpp:390), pid=6316, tid=8000
#
# JRE version: Java(TM) SE Runtime Environment (8.0_25-b18) (build 1.8.0_25-b18)
# Java VM: Java HotSpot(TM) 64-Bit Server VM (25.25-b02 mixed mode windows-amd64 compressed oops)
# Failed to write core dump. Minidumps are not enabled by default on client versions of Windows
#

---------------  T H R E A D  ---------------

Current thread (0x0000000015199800):  JavaThread "C2 CompilerThread0" daemon [_thread_in_native, id=8000, stack(0x00000000160d0000,0x00000000161d0000)]

Stack: [0x00000000160d0000,0x00000000161d0000]
Native frames: (J=compiled Java code, j=interpreted, Vv=VM code, C=native code)
V  [jvm.dll+0x31667a]
V  [jvm.dll+0x267073]
V  [jvm.dll+0x267cb3]
V  [jvm.dll+0x25f5b5]
V  [jvm.dll+0xbf165]
V  [jvm.dll+0xbf60c]
V  [jvm.dll+0x45d672]
V  [jvm.dll+0x49e8ef]
V  [jvm.dll+0x452b41]
V  [jvm.dll+0x453864]
V  [jvm.dll+0x437372]
V  [jvm.dll+0x98a02]
V  [jvm.dll+0x991f3]
V  [jvm.dll+0x22bde4]
V  [jvm.dll+0x2852fa]
C  [msvcr100.dll+0x21d9f]
C  [msvcr100.dll+0x21e3b]
C  [KERNEL32.DLL+0x13d2]
C  [ntdll.dll+0x15444]


Current CompileTask:
C2:   5356 1109       4       com.android.dx.dex.code.RopToDop::dopFor (792 bytes)


---------------  P R O C E S S  ---------------

Java Threads: ( => current thread )
  0x00000000151ef000 JavaThread "Service Thread" daemon [_thread_blocked, id=7276, stack(0x00000000162d0000,0x00000000163d0000)]
  0x00000000151e8800 JavaThread "C1 CompilerThread1" daemon [_thread_in_native, id=7008, stack(0x00000000161d0000,0x00000000162d0000)]
=>0x0000000015199800 JavaThread "C2 CompilerThread0" daemon [_thread_in_native, id=8000, stack(0x00000000160d0000,0x00000000161d0000)]
  0x0000000015198000 JavaThread "Attach Listener" daemon [_thread_blocked, id=8064, stack(0x0000000015fd0000,0x00000000160d0000)]
  0x0000000015194800 JavaThread "Signal Dispatcher" daemon [_thread_blocked, id=3728, stack(0x0000000015ed0000,0x0000000015fd0000)]
  0x0000000015159800 JavaThread "Finalizer" daemon [_thread_blocked, id=772, stack(0x0000000015dd0000,0x0000000015ed0000)]
  0x0000000015151000 JavaThread "Reference Handler" daemon [_thread_blocked, id=1720, stack(0x0000000015cd0000,0x0000000015dd0000)]
  0x0000000002b80800 JavaThread "main" [_thread_blocked, id=6752, stack(0x0000000002a50000,0x0000000002b50000)]

Other Threads:
  0x000000001514a800 VMThread [stack: 0x0000000015bd0000,0x0000000015cd0000] [id=5728]
  0x00000000151f0000 WatcherThread [stack: 0x00000000163d0000,0x00000000164d0000] [id=7976]

VM state:at safepoint (normal execution)

VM Mutex/Monitor currently owned by a thread:  ([mutex/lock_event])
[0x0000000002d0bf70] Threads_lock - owner thread: 0x000000001514a800
[0x0000000002d0c2f0] Heap_lock - owner thread: 0x0000000002b80800

Heap:
 PSYoungGen      total 62464K, used 2543K [0x00000000eab00000, 0x00000000ef000000, 0x0000000100000000)
  eden space 59904K, 0% used [0x00000000eab00000,0x00000000eab00000,0x00000000ee580000)
  from space 2560K, 99% used [0x00000000eeb00000,0x00000000eed7bd90,0x00000000eed80000)
  to   space 2560K, 0% used [0x00000000eed80000,0x00000000eed80000,0x00000000ef000000)
 ParOldGen       total 82944K, used 49184K [0x00000000c0000000, 0x00000000c5100000, 0x00000000eab00000)
  object space 82944K, 59% used [0x00000000c0000000,0x00000000c30082e8,0x00000000c5100000)
 Metaspace       used 5454K, capacity 6704K, committed 6784K, reserved 1060864K
  class space    used 548K, capacity 616K, committed 640K, reserved 1048576K

Card table byte_map: [0x00000000120d0000,0x00000000122e0000] byte_map_base: 0x0000000011ad0000

Marking Bits: (ParMarkBitMap*) 0x000000006080d490
 Begin Bits: [0x0000000012640000, 0x0000000013640000)
 End Bits:   [0x0000000013640000, 0x0000000014640000)

Polling page: 0x0000000001270000

CodeCache: size=245760Kb used=4713Kb max_used=4713Kb free=241047Kb
 bounds [0x0000000002d10000, 0x00000000031b0000, 0x0000000011d10000]
 total_blobs=1382 nmethods=1123 adapters=174
 compilation: enabled

Compilation events (10 events):
Event: 4.704 Thread 0x00000000151e8800 nmethod 1121 0x000000000319ae10 code [0x000000000319af60, 0x000000000319b0f0]
Event: 4.705 Thread 0x00000000151e8800 1122   !   3       com.android.dx.cf.cst.ConstantPoolParser::parseUtf8 (47 bytes)
Event: 4.706 Thread 0x00000000151e8800 nmethod 1122 0x00000000031a5610 code [0x00000000031a5820, 0x00000000031a61b8]
Event: 4.711 Thread 0x00000000151e8800 1123       1       com.android.dx.rop.type.Prototype::getParameterTypes (5 bytes)
Event: 4.711 Thread 0x00000000151e8800 nmethod 1123 0x00000000031a6850 code [0x00000000031a69a0, 0x00000000031a6ab0]
Event: 4.711 Thread 0x00000000151e8800 1124       3       com.android.dx.util.BitIntSet$1::hasNext (13 bytes)
Event: 4.712 Thread 0x00000000151e8800 nmethod 1124 0x00000000031a6b10 code [0x00000000031a6c60, 0x00000000031a6e10]
Event: 4.712 Thread 0x00000000151e8800 1125       2       com.android.dx.ssa.LiteralOpUpgrader::access$000 (6 bytes)
Event: 4.712 Thread 0x00000000151e8800 nmethod 1125 0x00000000031a6e90 code [0x00000000031a7000, 0x00000000031a7148]
Event: 4.712 Thread 0x00000000151e8800 1126       3       com.android.dx.ssa.LiteralOpUpgrader$1::visitNonMoveInsn (203 bytes)

GC Heap History (10 events):
Event: 1.959 GC heap before
{Heap before GC invocations=1 (full 0):
 PSYoungGen      total 18944K, used 16384K [0x00000000eab00000, 0x00000000ec000000, 0x0000000100000000)
  eden space 16384K, 100% used [0x00000000eab00000,0x00000000ebb00000,0x00000000ebb00000)
  from space 2560K, 0% used [0x00000000ebd80000,0x00000000ebd80000,0x00000000ec000000)
  to   space 2560K, 0% used [0x00000000ebb00000,0x00000000ebb00000,0x00000000ebd80000)
 ParOldGen       total 44032K, used 0K [0x00000000c0000000, 0x00000000c2b00000, 0x00000000eab00000)
  object space 44032K, 0% used [0x00000000c0000000,0x00000000c0000000,0x00000000c2b00000)
 Metaspace       used 5277K, capacity 6576K, committed 6784K, reserved 1056768K
  class space    used 539K, capacity 616K, committed 640K, reserved 1048576K
Event: 2.073 GC heap after
Heap after GC invocations=1 (full 0):
 PSYoungGen      total 18944K, used 2545K [0x00000000eab00000, 0x00000000ed000000, 0x0000000100000000)
  eden space 16384K, 0% used [0x00000000eab00000,0x00000000eab00000,0x00000000ebb00000)
  from space 2560K, 99% used [0x00000000ebb00000,0x00000000ebd7c4d8,0x00000000ebd80000)
  to   space 2560K, 0% used [0x00000000ecd80000,0x00000000ecd80000,0x00000000ed000000)
 ParOldGen       total 44032K, used 4552K [0x00000000c0000000, 0x00000000c2b00000, 0x00000000eab00000)
  object space 44032K, 10% used [0x00000000c0000000,0x00000000c04720f8,0x00000000c2b00000)
 Metaspace       used 5277K, capacity 6576K, committed 6784K, reserved 1056768K
  class space    used 539K, capacity 616K, committed 640K, reserved 1048576K
}
Event: 2.090 GC heap before
{Heap before GC invocations=2 (full 0):
 PSYoungGen      total 18944K, used 18929K [0x00000000eab00000, 0x00000000ed000000, 0x0000000100000000)
  eden space 16384K, 100% used [0x00000000eab00000,0x00000000ebb00000,0x00000000ebb00000)
  from space 2560K, 99% used [0x00000000ebb00000,0x00000000ebd7c4d8,0x00000000ebd80000)
  to   space 2560K, 0% used [0x00000000ecd80000,0x00000000ecd80000,0x00000000ed000000)
 ParOldGen       total 44032K, used 4552K [0x00000000c0000000, 0x00000000c2b00000, 0x00000000eab00000)
  object space 44032K, 10% used [0x00000000c0000000,0x00000000c04720f8,0x00000000c2b00000)
 Metaspace       used 5291K, capacity 6576K, committed 6784K, reserved 1056768K
  class space    used 540K, capacity 616K, committed 640K, reserved 1048576K
Event: 2.177 GC heap after
Heap after GC invocations=2 (full 0):
 PSYoungGen      total 35328K, used 2560K [0x00000000eab00000, 0x00000000ed000000, 0x0000000100000000)
  eden space 32768K, 0% used [0x00000000eab00000,0x00000000eab00000,0x00000000ecb00000)
  from space 2560K, 100% used [0x00000000ecd80000,0x00000000ed000000,0x00000000ed000000)
  to   space 2560K, 0% used [0x00000000ecb00000,0x00000000ecb00000,0x00000000ecd80000)
 ParOldGen       total 44032K, used 18159K [0x00000000c0000000, 0x00000000c2b00000, 0x00000000eab00000)
  object space 44032K, 41% used [0x00000000c0000000,0x00000000c11bbf10,0x00000000c2b00000)
 Metaspace       used 5291K, capacity 6576K, committed 6784K, reserved 1056768K
  class space    used 540K, capacity 616K, committed 640K, reserved 1048576K
}
Event: 2.193 GC heap before
{Heap before GC invocations=3 (full 0):
 PSYoungGen      total 35328K, used 35328K [0x00000000eab00000, 0x00000000ed000000, 0x0000000100000000)
  eden space 32768K, 100% used [0x00000000eab00000,0x00000000ecb00000,0x00000000ecb00000)
  from space 2560K, 100% used [0x00000000ecd80000,0x00000000ed000000,0x00000000ed000000)
  to   space 2560K, 0% used [0x00000000ecb00000,0x00000000ecb00000,0x00000000ecd80000)
 ParOldGen       total 44032K, used 18159K [0x00000000c0000000, 0x00000000c2b00000, 0x00000000eab00000)
  object space 44032K, 41% used [0x00000000c0000000,0x00000000c11bbf10,0x00000000c2b00000)
 Metaspace       used 5291K, capacity 6576K, committed 6784K, reserved 1056768K
  class space    used 540K, capacity 616K, committed 640K, reserved 1048576K
Event: 2.354 GC heap after
Heap after GC invocations=3 (full 0):
 PSYoungGen      total 35328K, used 2560K [0x00000000eab00000, 0x00000000ef000000, 0x0000000100000000)
  eden space 32768K, 0% used [0x00000000eab00000,0x00000000eab00000,0x00000000ecb00000)
  from space 2560K, 100% used [0x00000000ecb00000,0x00000000ecd80000,0x00000000ecd80000)
  to   space 2560K, 0% used [0x00000000eed80000,0x00000000eed80000,0x00000000ef000000)
 ParOldGen       total 44032K, used 39079K [0x00000000c0000000, 0x00000000c2b00000, 0x00000000eab00000)
  object space 44032K, 88% used [0x00000000c0000000,0x00000000c2629f10,0x00000000c2b00000)
 Metaspace       used 5291K, capacity 6576K, committed 6784K, reserved 1056768K
  class space    used 540K, capacity 616K, committed 640K, reserved 1048576K
}
Event: 2.354 GC heap before
{Heap before GC invocations=4 (full 1):
 PSYoungGen      total 35328K, used 2560K [0x00000000eab00000, 0x00000000ef000000, 0x0000000100000000)
  eden space 32768K, 0% used [0x00000000eab00000,0x00000000eab00000,0x00000000ecb00000)
  from space 2560K, 100% used [0x00000000ecb00000,0x00000000ecd80000,0x00000000ecd80000)
  to   space 2560K, 0% used [0x00000000eed80000,0x00000000eed80000,0x00000000ef000000)
 ParOldGen       total 44032K, used 39079K [0x00000000c0000000, 0x00000000c2b00000, 0x00000000eab00000)
  object space 44032K, 88% used [0x00000000c0000000,0x00000000c2629f10,0x00000000c2b00000)
 Metaspace       used 5291K, capacity 6576K, committed 6784K, reserved 1056768K
  class space    used 540K, capacity 616K, committed 640K, reserved 1048576K
Event: 2.607 GC heap after
Heap after GC invocations=4 (full 1):
 PSYoungGen      total 35328K, used 0K [0x00000000eab00000, 0x00000000ef000000, 0x0000000100000000)
  eden space 32768K, 0% used [0x00000000eab00000,0x00000000eab00000,0x00000000ecb00000)
  from space 2560K, 0% used [0x00000000ecb00000,0x00000000ecb00000,0x00000000ecd80000)
  to   space 2560K, 0% used [0x00000000eed80000,0x00000000eed80000,0x00000000ef000000)
 ParOldGen       total 82944K, used 38443K [0x00000000c0000000, 0x00000000c5100000, 0x00000000eab00000)
  object space 82944K, 46% used [0x00000000c0000000,0x00000000c258ac80,0x00000000c5100000)
 Metaspace       used 5291K, capacity 6576K, committed 6784K, reserved 1056768K
  class space    used 540K, capacity 616K, committed 640K, reserved 1048576K
}
Event: 4.190 GC heap before
{Heap before GC invocations=5 (full 1):
 PSYoungGen      total 35328K, used 32768K [0x00000000eab00000, 0x00000000ef000000, 0x0000000100000000)
  eden space 32768K, 100% used [0x00000000eab00000,0x00000000ecb00000,0x00000000ecb00000)
  from space 2560K, 0% used [0x00000000ecb00000,0x00000000ecb00000,0x00000000ecd80000)
  to   space 2560K, 0% used [0x00000000eed80000,0x00000000eed80000,0x00000000ef000000)
 ParOldGen       total 82944K, used 38443K [0x00000000c0000000, 0x00000000c5100000, 0x00000000eab00000)
  object space 82944K, 46% used [0x00000000c0000000,0x00000000c258ac80,0x00000000c5100000)
 Metaspace       used 5351K, capacity 6640K, committed 6784K, reserved 1056768K
  class space    used 542K, capacity 616K, committed 640K, reserved 1048576K
Event: 4.250 GC heap after
Heap after GC invocations=5 (full 1):
 PSYoungGen      total 62464K, used 2528K [0x00000000eab00000, 0x00000000ef000000, 0x0000000100000000)
  eden space 59904K, 0% used [0x00000000eab00000,0x00000000eab00000,0x00000000ee580000)
  from space 2560K, 98% used [0x00000000eed80000,0x00000000eeff8010,0x00000000ef000000)
  to   space 2560K, 0% used [0x00000000eeb00000,0x00000000eeb00000,0x00000000eed80000)
 ParOldGen       total 82944K, used 41628K [0x00000000c0000000, 0x00000000c5100000, 0x00000000eab00000)
  object space 82944K, 50% used [0x00000000c0000000,0x00000000c28a71c0,0x00000000c5100000)
 Metaspace       used 5351K, capacity 6640K, committed 6784K, reserved 1056768K
  class space    used 542K, capacity 616K, committed 640K, reserved 1048576K
}

Deoptimization events (10 events):
Event: 4.698 Thread 0x0000000002b80800 Uncommon trap: reason=class_check action=maybe_recompile pc=0x000000000306f8d0 method=com.android.dx.cf.code.Ropper.processBlock(Lcom/android/dx/cf/code/ByteBlock;Lcom/android/dx/cf/code/Frame;[I)V @ 956
Event: 4.698 Thread 0x0000000002b80800 Uncommon trap: reason=unreached action=reinterpret pc=0x00000000030a681c method=com.android.dx.ssa.LocalVariableInfo.mutableCopyOfStarts(I)Lcom/android/dx/rop/code/RegisterSpecSet; @ 7
Event: 4.698 Thread 0x0000000002b80800 Uncommon trap: reason=unreached action=reinterpret pc=0x00000000030d2030 method=com.android.dx.ssa.SsaRenamer$BlockRenamer.process()V @ 147
Event: 4.698 Thread 0x0000000002b80800 Uncommon trap: reason=unreached action=reinterpret pc=0x00000000031151d8 method=com.android.dx.rop.code.DexTranslationAdvice.hasConstantOperation(Lcom/android/dx/rop/code/Rop;Lcom/android/dx/rop/code/RegisterSpec;Lcom/android/dx/rop/code/RegisterSpec;)Z @ ŠNV4mË@
Event: 4.699 Thread 0x0000000002b80800 Uncommon trap: reason=unreached action=reinterpret pc=0x0000000003184fb0 method=com.android.dx.rop.code.LocalVariableInfo.mutableCopyOfStarts(I)Lcom/android/dx/rop/code/RegisterSpecSet; @ 7
Event: 4.711 Thread 0x0000000002b80800 Uncommon trap: reason=class_check action=maybe_recompile pc=0x00000000030f27d0 method=java.util.Collections$UnmodifiableCollection$1.next()Ljava/lang/Object; @ 4
Event: 4.711 Thread 0x0000000002b80800 Uncommon trap: reason=class_check action=maybe_recompile pc=0x00000000030f27d0 method=java.util.Collections$UnmodifiableCollection$1.next()Ljava/lang/Object; @ 4
Event: 4.711 Thread 0x0000000002b80800 Uncommon trap: reason=class_check action=maybe_recompile pc=0x00000000030f27d0 method=java.util.Collections$UnmodifiableCollection$1.next()Ljava/lang/Object; @ 4
Event: 4.711 Thread 0x0000000002b80800 Uncommon trap: reason=class_check action=maybe_recompile pc=0x00000000030f27d0 method=java.util.Collections$UnmodifiableCollection$1.next()Ljava/lang/Object; @ 4
Event: 4.711 Thread 0x0000000002b80800 Uncommon trap: reason=class_check action=maybe_recompile pc=0x000000000306f8d0 method=com.android.dx.cf.code.Ropper.processBlock(Lcom/android/dx/cf/code/ByteBlock;Lcom/android/dx/cf/code/Frame;[I)V @ 956

Internal exceptions (10 events):
Event: 3.160 Thread 0x0000000002b80800 Exception <a 'java/security/PrivilegedActionException'> (0x00000000ebfcd968) thrown at [D:\re\workspace\8-2-build-windows-amd64-cygwin\jdk8u25\1677\hotspot\src\share\vm\prims\jvm.cpp, line 1312]
Event: 3.387 Thread 0x0000000002b80800 Exception <a 'java/security/PrivilegedActionException'> (0x00000000ec388bb0) thrown at [D:\re\workspace\8-2-build-windows-amd64-cygwin\jdk8u25\1677\hotspot\src\share\vm\prims\jvm.cpp, line 1312]
Event: 4.698 Thread 0x0000000002b80800 Implicit null exception at 0x00000000030a5975 to 0x00000000030a67f5
Event: 4.699 Thread 0x0000000002b80800 Implicit null exception at 0x0000000003184195 to 0x0000000003184f79
Event: 4.708 Thread 0x0000000002b80800 Exception <a 'java/security/PrivilegedActionException'> (0x00000000ec859500) thrown at [D:\re\workspace\8-2-build-windows-amd64-cygwin\jdk8u25\1677\hotspot\src\share\vm\prims\jvm.cpp, line 1312]
Event: 4.709 Thread 0x0000000002b80800 Exception <a 'java/security/PrivilegedActionException'> (0x00000000ec85bdc8) thrown at [D:\re\workspace\8-2-build-windows-amd64-cygwin\jdk8u25\1677\hotspot\src\share\vm\prims\jvm.cpp, line 1312]
Event: 4.709 Thread 0x0000000002b80800 Exception <a 'java/security/PrivilegedActionException'> (0x00000000ec85f240) thrown at [D:\re\workspace\8-2-build-windows-amd64-cygwin\jdk8u25\1677\hotspot\src\share\vm\prims\jvm.cpp, line 1312]
Event: 4.710 Thread 0x0000000002b80800 Exception <a 'java/security/PrivilegedActionException'> (0x00000000ec8630b8) thrown at [D:\re\workspace\8-2-build-windows-amd64-cygwin\jdk8u25\1677\hotspot\src\share\vm\prims\jvm.cpp, line 1312]
Event: 4.710 Thread 0x0000000002b80800 Exception <a 'java/security/PrivilegedActionException'> (0x00000000ec8656f8) thrown at [D:\re\workspace\8-2-build-windows-amd64-cygwin\jdk8u25\1677\hotspot\src\share\vm\prims\jvm.cpp, line 1312]
Event: 4.710 Thread 0x0000000002b80800 Exception <a 'java/security/PrivilegedActionException'> (0x00000000ec868aa0) thrown at [D:\re\workspace\8-2-build-windows-amd64-cygwin\jdk8u25\1677\hotspot\src\share\vm\prims\jvm.cpp, line 1312]

Events (10 events):
Event: 4.711 Thread 0x0000000002b80800 DEOPT UNPACKING pc=0x0000000002d5556a sp=0x0000000002b4e7c8 mode 2
Event: 4.711 Thread 0x0000000002b80800 Uncommon trap: trap_request=0xffffffde fr.pc=0x00000000030f27d0
Event: 4.711 Thread 0x0000000002b80800 DEOPT PACKING pc=0x00000000030f27d0 sp=0x0000000002b4e980
Event: 4.711 Thread 0x0000000002b80800 DEOPT UNPACKING pc=0x0000000002d5556a sp=0x0000000002b4e928 mode 2
Event: 4.711 Thread 0x0000000002b80800 Uncommon trap: trap_request=0xffffffde fr.pc=0x00000000030f27d0
Event: 4.711 Thread 0x0000000002b80800 DEOPT PACKING pc=0x00000000030f27d0 sp=0x0000000002b4e820
Event: 4.711 Thread 0x0000000002b80800 DEOPT UNPACKING pc=0x0000000002d5556a sp=0x0000000002b4e7c8 mode 2
Event: 4.711 Thread 0x0000000002b80800 Uncommon trap: trap_request=0xffffffde fr.pc=0x000000000306f8d0
Event: 4.711 Thread 0x0000000002b80800 DEOPT PACKING pc=0x000000000306f8d0 sp=0x0000000002b4e800
Event: 4.711 Thread 0x0000000002b80800 DEOPT UNPACKING pc=0x0000000002d5556a sp=0x0000000002b4e7c8 mode 2


Dynamic libraries:
0x00007ff7194d0000 - 0x00007ff719504000 	C:\Program Files\Java\jdk1.8.0_25\bin\java.exe
0x00007ffee2c40000 - 0x00007ffee2dec000 	C:\Windows\SYSTEM32\ntdll.dll
0x00007ffee22b0000 - 0x00007ffee23ee000 	C:\Windows\system32\KERNEL32.DLL
0x00007ffedfe70000 - 0x00007ffedff85000 	C:\Windows\system32\KERNELBASE.dll
0x00007ffede940000 - 0x00007ffede9ce000 	C:\Windows\system32\apphelp.dll
0x00007ffed6890000 - 0x00007ffed68e3000 	C:\Windows\AppPatch\AppPatch64\AcGenral.DLL
0x00007ffee0330000 - 0x00007ffee03da000 	C:\Windows\system32\msvcrt.dll
0x00007ffedfb70000 - 0x00007ffedfb9e000 	C:\Windows\SYSTEM32\SspiCli.dll
0x00007ffee0460000 - 0x00007ffee04b4000 	C:\Windows\system32\SHLWAPI.dll
0x00007ffee2960000 - 0x00007ffee2ad7000 	C:\Windows\system32\USER32.dll
0x00007ffee25a0000 - 0x00007ffee2734000 	C:\Windows\system32\ole32.dll
0x00007ffee0870000 - 0x00007ffee1d89000 	C:\Windows\system32\SHELL32.dll
0x00007ffedf340000 - 0x00007ffedf361000 	C:\Windows\SYSTEM32\USERENV.dll
0x00007ffee2140000 - 0x00007ffee21ea000 	C:\Windows\system32\ADVAPI32.dll
0x00007ffed3c40000 - 0x00007ffed3c5e000 	C:\Windows\SYSTEM32\MPR.dll
0x00007ffee2ae0000 - 0x00007ffee2c21000 	C:\Windows\system32\RPCRT4.dll
0x00007ffee02d0000 - 0x00007ffee0329000 	C:\Windows\SYSTEM32\sechost.dll
0x00007ffee2740000 - 0x00007ffee2951000 	C:\Windows\SYSTEM32\combase.dll
0x00007ffee04c0000 - 0x00007ffee0610000 	C:\Windows\system32\GDI32.dll
0x00007ffedfda0000 - 0x00007ffedfdb5000 	C:\Windows\SYSTEM32\profapi.dll
0x00007ffede1c0000 - 0x00007ffede272000 	C:\Windows\SYSTEM32\SHCORE.dll
0x00007ffee1f80000 - 0x00007ffee1fb6000 	C:\Windows\system32\IMM32.DLL
0x00007ffee1fe0000 - 0x00007ffee2132000 	C:\Windows\system32\MSCTF.dll
0x00007ffedd740000 - 0x00007ffedd9ba000 	C:\Windows\WinSxS\amd64_microsoft.windows.common-controls_6595b64144ccf1df_6.0.9600.17810_none_6240b9c7ecbd0bda\COMCTL32.dll
0x000000005fad0000 - 0x000000005fba2000 	C:\Program Files\Java\jdk1.8.0_25\jre\bin\msvcr100.dll
0x0000000060030000 - 0x000000006088a000 	C:\Program Files\Java\jdk1.8.0_25\jre\bin\server\jvm.dll
0x00007ffed62c0000 - 0x00007ffed62c9000 	C:\Windows\SYSTEM32\WSOCK32.dll
0x00007ffedb710000 - 0x00007ffedb732000 	C:\Windows\SYSTEM32\WINMM.dll
0x00007ffee03f0000 - 0x00007ffee03f7000 	C:\Windows\system32\PSAPI.DLL
0x00007ffee1f20000 - 0x00007ffee1f7a000 	C:\Windows\system32\WS2_32.dll
0x00007ffedb6e0000 - 0x00007ffedb70a000 	C:\Windows\SYSTEM32\WINMMBASE.dll
0x00007ffee0680000 - 0x00007ffee0689000 	C:\Windows\system32\NSI.dll
0x00007ffee0170000 - 0x00007ffee01bf000 	C:\Windows\SYSTEM32\cfgmgr32.dll
0x00007ffedebb0000 - 0x00007ffedebd8000 	C:\Windows\SYSTEM32\DEVOBJ.dll
0x000000005ff40000 - 0x000000005ff4f000 	C:\Program Files\Java\jdk1.8.0_25\jre\bin\verify.dll
0x000000005ff10000 - 0x000000005ff38000 	C:\Program Files\Java\jdk1.8.0_25\jre\bin\java.dll
0x000000005fef0000 - 0x000000005ff06000 	C:\Program Files\Java\jdk1.8.0_25\jre\bin\zip.dll
0x00007ffec8190000 - 0x00007ffec8319000 	C:\Windows\SYSTEM32\dbghelp.dll

VM Arguments:
jvm_args: -Xmx1024M -Dfile.encoding=windows-1252 -Duser.country=US -Duser.language=en -Duser.variant 
java_command: com.android.dx.command.Main --dex --output D:\=-+Study+-=\Projects\Andriod\AndroidStudioProjects\Trip2bd\app\build\intermediates\pre-dexed\debug\classes-2c2188e1803059cc6ce16605d5539ee55c48c7f9.jar D:\=-+Study+-=\Projects\Andriod\AndroidStudioProjects\Trip2bd\app\build\intermediates\exploded-aar\com.google.android.gms\play-services-analytics\7.0.0\classes.jar
java_class_path (initial): C:\Users\KaziAbdullah\AppData\Local\Android\sdk\build-tools\22.0.1\lib\dx.jar
Launcher Type: SUN_STANDARD

Environment Variables:
PATH=C:\Program Files (x86)\PC Connectivity Solution\;C:\ProgramData\Oracle\Java\javapath;C:\Program Files (x86)\Intel\iCLS Client\;C:\Program Files\Intel\iCLS Client\;C:\Windows\system32;C:\Windows;C:\Windows\System32\Wbem;C:\Windows\System32\WindowsPowerShell\v1.0\;C:\Program Files\Intel\Intel(R) Management Engine Components\DAL;C:\Program Files\Intel\Intel(R) Management Engine Components\IPT;C:\Program Files (x86)\Intel\Intel(R) Management Engine Components\DAL;C:\Program Files (x86)\Intel\Intel(R) Management Engine Components\IPT;C:\wamp\bin\php\php5.5.12;C:\ProgramData\ComposerSetup\bin;C:\Users\KaziAbdullah\AppData\Roaming\Composer\vendor\bin
USERNAME=KaziAbdullah
OS=Windows_NT
PROCESSOR_IDENTIFIER=Intel64 Family 6 Model 58 Stepping 9, GenuineIntel



---------------  S Y S T E M  ---------------

OS: Windows 8.1 , 64 bit Build 9600 

CPU:total 2 (2 cores per cpu, 1 threads per core) family 6 model 58 stepping 9, cmov, cx8, fxsr, mmx, sse, sse2, sse3, ssse3, sse4.1, sse4.2, popcnt, clmul, erms, tsc, tscinvbit, tscinv

Memory: 4k page, physical 4084952k(203592k free), swap 7230680k(5124k free)

vm_info: Java HotSpot(TM) 64-Bit Server VM (25.25-b02) for windows-amd64 JRE (1.8.0_25-b18), built on Oct  7 2014 14:25:37 by "java_re" with MS VC++ 10.0 (VS2010)

time: Fri Jul 24 04:14:34 2015
elapsed time: 5 seconds (0d 0h 0m 5s)

