#
# There is insufficient memory for the Java Runtime Environment to continue.
# Native memory allocation (malloc) failed to allocate 33554448 bytes for Chunk::new
# Possible reasons:
#   The system is out of physical RAM or swap space
#   In 32 bit mode, the process size limit was hit
# Possible solutions:
#   Reduce memory load on the system
#   Increase physical memory or swap space
#   Check if swap backing store is full
#   Use 64 bit Java on a 64 bit OS
#   Decrease Java heap size (-Xmx/-Xms)
#   Decrease number of Java threads
#   Decrease Java thread stack sizes (-Xss)
#   Set larger code cache with -XX:ReservedCodeCacheSize=
# This output file may be truncated or incomplete.
#
#  Out of Memory Error (allocation.cpp:390), pid=7936, tid=7532
#
# JRE version: Java(TM) SE Runtime Environment (8.0_25-b18) (build 1.8.0_25-b18)
# Java VM: Java HotSpot(TM) 64-Bit Server VM (25.25-b02 mixed mode windows-amd64 compressed oops)
# Failed to write core dump. Minidumps are not enabled by default on client versions of Windows
#

---------------  T H R E A D  ---------------

Current thread (0x0000000014559800):  JavaThread "C2 CompilerThread0" daemon [_thread_in_native, id=7532, stack(0x0000000015490000,0x0000000015590000)]

Stack: [0x0000000015490000,0x0000000015590000]
Native frames: (J=compiled Java code, j=interpreted, Vv=VM code, C=native code)
V  [jvm.dll+0x31667a]
V  [jvm.dll+0x267073]
V  [jvm.dll+0x267cb3]
V  [jvm.dll+0x25f5b5]
V  [jvm.dll+0xbf165]
V  [jvm.dll+0xbf60c]
V  [jvm.dll+0x40c68]
V  [jvm.dll+0x45f0b0]
V  [jvm.dll+0x45f36a]
V  [jvm.dll+0x46024f]
V  [jvm.dll+0x462311]
V  [jvm.dll+0x464745]
V  [jvm.dll+0x4650cc]
V  [jvm.dll+0x465413]
V  [jvm.dll+0x4522c3]
V  [jvm.dll+0x453864]
V  [jvm.dll+0x437372]
V  [jvm.dll+0x98a02]
V  [jvm.dll+0x991f3]
V  [jvm.dll+0x22bde4]
V  [jvm.dll+0x2852fa]
C  [msvcr100.dll+0x21d9f]
C  [msvcr100.dll+0x21e3b]
C  [KERNEL32.DLL+0x13d2]
C  [ntdll.dll+0x15444]


Current CompileTask:
C2:  15058 1686   !   4       com.android.dx.cf.code.Ropper::processBlock (1101 bytes)


---------------  P R O C E S S  ---------------

Java Threads: ( => current thread )
  0x00000000145dd000 JavaThread "Service Thread" daemon [_thread_blocked, id=8004, stack(0x0000000015690000,0x0000000015790000)]
  0x000000001455c000 JavaThread "C1 CompilerThread1" daemon [_thread_blocked, id=8044, stack(0x0000000015590000,0x0000000015690000)]
=>0x0000000014559800 JavaThread "C2 CompilerThread0" daemon [_thread_in_native, id=7532, stack(0x0000000015490000,0x0000000015590000)]
  0x0000000014558000 JavaThread "Attach Listener" daemon [_thread_blocked, id=6264, stack(0x0000000015390000,0x0000000015490000)]
  0x0000000014555000 JavaThread "Signal Dispatcher" daemon [_thread_blocked, id=6916, stack(0x0000000015290000,0x0000000015390000)]
  0x0000000014514000 JavaThread "Finalizer" daemon [_thread_blocked, id=7992, stack(0x0000000015190000,0x0000000015290000)]
  0x0000000014511000 JavaThread "Reference Handler" daemon [_thread_blocked, id=7724, stack(0x0000000015090000,0x0000000015190000)]
  0x0000000001fd0800 JavaThread "main" [_thread_in_native, id=7348, stack(0x0000000001e80000,0x0000000001f80000)]

Other Threads:
  0x000000001450a800 VMThread [stack: 0x0000000014f90000,0x0000000015090000] [id=7596]
  0x00000000145de000 WatcherThread [stack: 0x0000000015790000,0x0000000015890000] [id=6024]

VM state:not at safepoint (normal execution)

VM Mutex/Monitor currently owned by a thread: None

Heap:
 PSYoungGen      total 45568K, used 20187K [0x00000000eab00000, 0x00000000ee300000, 0x0000000100000000)
  eden space 33792K, 48% used [0x00000000eab00000,0x00000000ebae6c68,0x00000000ecc00000)
  from space 11776K, 33% used [0x00000000ed780000,0x00000000edb50010,0x00000000ee300000)
  to   space 11776K, 0% used [0x00000000ecc00000,0x00000000ecc00000,0x00000000ed780000)
 ParOldGen       total 63488K, used 42456K [0x00000000c0000000, 0x00000000c3e00000, 0x00000000eab00000)
  object space 63488K, 66% used [0x00000000c0000000,0x00000000c2976030,0x00000000c3e00000)
 Metaspace       used 6682K, capacity 7600K, committed 7808K, reserved 1056768K
  class space    used 605K, capacity 616K, committed 640K, reserved 1048576K

Card table byte_map: [0x0000000011490000,0x00000000116a0000] byte_map_base: 0x0000000010e90000

Marking Bits: (ParMarkBitMap*) 0x000000006080d490
 Begin Bits: [0x0000000011a00000, 0x0000000012a00000)
 End Bits:   [0x0000000012a00000, 0x0000000013a00000)

Polling page: 0x00000000004f0000

CodeCache: size=245760Kb used=8985Kb max_used=8985Kb free=236774Kb
 bounds [0x00000000020d0000, 0x00000000029a0000, 0x00000000110d0000]
 total_blobs=2582 nmethods=2314 adapters=182
 compilation: enabled

Compilation events (10 events):
Event: 10.457 Thread 0x000000001455c000 1763       2       com.android.dx.rop.cst.StdConstantPool::<init> (38 bytes)
Event: 10.457 Thread 0x000000001455c000 nmethod 1763 0x00000000028192d0 code [0x0000000002819440, 0x00000000028196e8]
Event: 10.457 Thread 0x000000001455c000 1764       2       com.android.dx.cf.direct.FieldListParser::getAttributeContext (2 bytes)
Event: 10.457 Thread 0x000000001455c000 nmethod 1764 0x00000000028197d0 code [0x0000000002819920, 0x0000000002819a70]
Event: 10.457 Thread 0x000000001455c000 1765       2       com.android.dx.cf.direct.MethodListParser::getAttributeContext (2 bytes)
Event: 10.457 Thread 0x000000001455c000 nmethod 1765 0x0000000002819b10 code [0x0000000002819c60, 0x0000000002819db0]
Event: 10.467 Thread 0x000000001455c000 1766       2       com.android.dx.rop.type.StdTypeList::getWordCount (33 bytes)
Event: 10.467 Thread 0x000000001455c000 nmethod 1766 0x0000000002819e50 code [0x0000000002819fc0, 0x000000000281a238]
Event: 11.378 Thread 0x000000001455c000 1768   !   2       com.android.dx.cf.direct.DirectClassFile::parse (75 bytes)
Event: 11.379 Thread 0x000000001455c000 nmethod 1768 0x000000000281a410 code [0x000000000281a600, 0x000000000281ac58]

GC Heap History (10 events):
Event: 2.325 GC heap before
{Heap before GC invocations=3 (full 0):
 PSYoungGen      total 18944K, used 18938K [0x00000000eab00000, 0x00000000ed000000, 0x0000000100000000)
  eden space 16384K, 100% used [0x00000000eab00000,0x00000000ebb00000,0x00000000ebb00000)
  from space 2560K, 99% used [0x00000000ecd80000,0x00000000ecffeaa8,0x00000000ed000000)
  to   space 2560K, 0% used [0x00000000ebb00000,0x00000000ebb00000,0x00000000ebd80000)
 ParOldGen       total 44032K, used 3873K [0x00000000c0000000, 0x00000000c2b00000, 0x00000000eab00000)
  object space 44032K, 8% used [0x00000000c0000000,0x00000000c03c8540,0x00000000c2b00000)
 Metaspace       used 5794K, capacity 7024K, committed 7296K, reserved 1056768K
  class space    used 548K, capacity 616K, committed 640K, reserved 1048576K
Event: 2.337 GC heap after
Heap after GC invocations=3 (full 0):
 PSYoungGen      total 18944K, used 2528K [0x00000000eab00000, 0x00000000ed000000, 0x0000000100000000)
  eden space 16384K, 0% used [0x00000000eab00000,0x00000000eab00000,0x00000000ebb00000)
  from space 2560K, 98% used [0x00000000ebb00000,0x00000000ebd78028,0x00000000ebd80000)
  to   space 2560K, 0% used [0x00000000ecd80000,0x00000000ecd80000,0x00000000ed000000)
 ParOldGen       total 44032K, used 6496K [0x00000000c0000000, 0x00000000c2b00000, 0x00000000eab00000)
  object space 44032K, 14% used [0x00000000c0000000,0x00000000c0658230,0x00000000c2b00000)
 Metaspace       used 5794K, capacity 7024K, committed 7296K, reserved 1056768K
  class space    used 548K, capacity 616K, committed 640K, reserved 1048576K
}
Event: 3.099 GC heap before
{Heap before GC invocations=4 (full 0):
 PSYoungGen      total 18944K, used 18912K [0x00000000eab00000, 0x00000000ed000000, 0x0000000100000000)
  eden space 16384K, 100% used [0x00000000eab00000,0x00000000ebb00000,0x00000000ebb00000)
  from space 2560K, 98% used [0x00000000ebb00000,0x00000000ebd78028,0x00000000ebd80000)
  to   space 2560K, 0% used [0x00000000ecd80000,0x00000000ecd80000,0x00000000ed000000)
 ParOldGen       total 44032K, used 6496K [0x00000000c0000000, 0x00000000c2b00000, 0x00000000eab00000)
  object space 44032K, 14% used [0x00000000c0000000,0x00000000c0658230,0x00000000c2b00000)
 Metaspace       used 5810K, capacity 7024K, committed 7296K, reserved 1056768K
  class space    used 550K, capacity 616K, committed 640K, reserved 1048576K
Event: 3.113 GC heap after
Heap after GC invocations=4 (full 0):
 PSYoungGen      total 35328K, used 2544K [0x00000000eab00000, 0x00000000ed000000, 0x0000000100000000)
  eden space 32768K, 0% used [0x00000000eab00000,0x00000000eab00000,0x00000000ecb00000)
  from space 2560K, 99% used [0x00000000ecd80000,0x00000000ecffc038,0x00000000ed000000)
  to   space 2560K, 0% used [0x00000000ecb00000,0x00000000ecb00000,0x00000000ecd80000)
 ParOldGen       total 44032K, used 9119K [0x00000000c0000000, 0x00000000c2b00000, 0x00000000eab00000)
  object space 44032K, 20% used [0x00000000c0000000,0x00000000c08e7da8,0x00000000c2b00000)
 Metaspace       used 5810K, capacity 7024K, committed 7296K, reserved 1056768K
  class space    used 550K, capacity 616K, committed 640K, reserved 1048576K
}
Event: 4.865 GC heap before
{Heap before GC invocations=5 (full 0):
 PSYoungGen      total 35328K, used 35312K [0x00000000eab00000, 0x00000000ed000000, 0x0000000100000000)
  eden space 32768K, 100% used [0x00000000eab00000,0x00000000ecb00000,0x00000000ecb00000)
  from space 2560K, 99% used [0x00000000ecd80000,0x00000000ecffc038,0x00000000ed000000)
  to   space 2560K, 0% used [0x00000000ecb00000,0x00000000ecb00000,0x00000000ecd80000)
 ParOldGen       total 44032K, used 9119K [0x00000000c0000000, 0x00000000c2b00000, 0x00000000eab00000)
  object space 44032K, 20% used [0x00000000c0000000,0x00000000c08e7da8,0x00000000c2b00000)
 Metaspace       used 5862K, capacity 7088K, committed 7296K, reserved 1056768K
  class space    used 551K, capacity 616K, committed 640K, reserved 1048576K
Event: 6.496 GC heap after
Heap after GC invocations=5 (full 0):
 PSYoungGen      total 35328K, used 2539K [0x00000000eab00000, 0x00000000ed000000, 0x0000000100000000)
  eden space 32768K, 0% used [0x00000000eab00000,0x00000000eab00000,0x00000000ecb00000)
  from space 2560K, 99% used [0x00000000ecb00000,0x00000000ecd7acf8,0x00000000ecd80000)
  to   space 2560K, 0% used [0x00000000ecd80000,0x00000000ecd80000,0x00000000ed000000)
 ParOldGen       total 44032K, used 14596K [0x00000000c0000000, 0x00000000c2b00000, 0x00000000eab00000)
  object space 44032K, 33% used [0x00000000c0000000,0x00000000c0e41388,0x00000000c2b00000)
 Metaspace       used 5862K, capacity 7088K, committed 7296K, reserved 1056768K
  class space    used 551K, capacity 616K, committed 640K, reserved 1048576K
}
Event: 8.416 GC heap before
{Heap before GC invocations=6 (full 0):
 PSYoungGen      total 35328K, used 35307K [0x00000000eab00000, 0x00000000ed000000, 0x0000000100000000)
  eden space 32768K, 100% used [0x00000000eab00000,0x00000000ecb00000,0x00000000ecb00000)
  from space 2560K, 99% used [0x00000000ecb00000,0x00000000ecd7acf8,0x00000000ecd80000)
  to   space 2560K, 0% used [0x00000000ecd80000,0x00000000ecd80000,0x00000000ed000000)
 ParOldGen       total 44032K, used 14596K [0x00000000c0000000, 0x00000000c2b00000, 0x00000000eab00000)
  object space 44032K, 33% used [0x00000000c0000000,0x00000000c0e41388,0x00000000c2b00000)
 Metaspace       used 5875K, capacity 7088K, committed 7296K, reserved 1056768K
  class space    used 551K, capacity 616K, committed 640K, reserved 1048576K
Event: 8.895 GC heap after
Heap after GC invocations=6 (full 0):
 PSYoungGen      total 35328K, used 2539K [0x00000000eab00000, 0x00000000ed000000, 0x0000000100000000)
  eden space 32768K, 0% used [0x00000000eab00000,0x00000000eab00000,0x00000000ecb00000)
  from space 2560K, 99% used [0x00000000ecd80000,0x00000000ecffacf8,0x00000000ed000000)
  to   space 2560K, 0% used [0x00000000ecb00000,0x00000000ecb00000,0x00000000ecd80000)
 ParOldGen       total 44032K, used 18596K [0x00000000c0000000, 0x00000000c2b00000, 0x00000000eab00000)
  object space 44032K, 42% used [0x00000000c0000000,0x00000000c1229388,0x00000000c2b00000)
 Metaspace       used 5875K, capacity 7088K, committed 7296K, reserved 1056768K
  class space    used 551K, capacity 616K, committed 640K, reserved 1048576K
}
Event: 11.382 GC heap before
{Heap before GC invocations=7 (full 0):
 PSYoungGen      total 35328K, used 35307K [0x00000000eab00000, 0x00000000ed000000, 0x0000000100000000)
  eden space 32768K, 100% used [0x00000000eab00000,0x00000000ecb00000,0x00000000ecb00000)
  from space 2560K, 99% used [0x00000000ecd80000,0x00000000ecffacf8,0x00000000ed000000)
  to   space 2560K, 0% used [0x00000000ecb00000,0x00000000ecb00000,0x00000000ecd80000)
 ParOldGen       total 44032K, used 18596K [0x00000000c0000000, 0x00000000c2b00000, 0x00000000eab00000)
  object space 44032K, 42% used [0x00000000c0000000,0x00000000c1229388,0x00000000c2b00000)
 Metaspace       used 5920K, capacity 7152K, committed 7296K, reserved 1056768K
  class space    used 551K, capacity 616K, committed 640K, reserved 1048576K
Event: 11.468 GC heap after
Heap after GC invocations=7 (full 0):
 PSYoungGen      total 35328K, used 2555K [0x00000000eab00000, 0x00000000ed000000, 0x0000000100000000)
  eden space 32768K, 0% used [0x00000000eab00000,0x00000000eab00000,0x00000000ecb00000)
  from space 2560K, 99% used [0x00000000ecb00000,0x00000000ecd7ecd0,0x00000000ecd80000)
  to   space 2560K, 0% used [0x00000000ecd80000,0x00000000ecd80000,0x00000000ed000000)
 ParOldGen       total 44032K, used 23526K [0x00000000c0000000, 0x00000000c2b00000, 0x00000000eab00000)
  object space 44032K, 53% used [0x00000000c0000000,0x00000000c16f9920,0x00000000c2b00000)
 Metaspace       used 5920K, capacity 7152K, committed 7296K, reserved 1056768K
  class space    used 551K, capacity 616K, committed 640K, reserved 1048576K
}

Deoptimization events (10 events):
Event: 1.309 Thread 0x0000000001fd0800 Uncommon trap: reason=bimorphic action=maybe_recompile pc=0x0000000002395eb8 method=java.util.HashMap.getNode(ILjava/lang/Object;)Ljava/util/HashMap$Node; @ 126
Event: 1.380 Thread 0x0000000001fd0800 Uncommon trap: reason=bimorphic action=maybe_recompile pc=0x000000000230d6d0 method=java.util.HashMap.getNode(ILjava/lang/Object;)Ljava/util/HashMap$Node; @ 126
Event: 1.381 Thread 0x0000000001fd0800 Uncommon trap: reason=class_check action=maybe_recompile pc=0x00000000025467a4 method=com.android.dx.ssa.NormalSsaInsn.accept(Lcom/android/dx/ssa/SsaInsn$Visitor;)V @ 9
Event: 1.381 Thread 0x0000000001fd0800 Uncommon trap: reason=class_check action=maybe_recompile pc=0x00000000023b2670 method=com.android.dx.ssa.NormalSsaInsn.accept(Lcom/android/dx/ssa/SsaInsn$Visitor;)V @ 9
Event: 1.574 Thread 0x0000000001fd0800 Uncommon trap: reason=class_check action=maybe_recompile pc=0x00000000023e828c method=com.android.dx.ssa.NormalSsaInsn.accept(Lcom/android/dx/ssa/SsaInsn$Visitor;)V @ 9
Event: 2.881 Thread 0x0000000001fd0800 Uncommon trap: reason=uninitialized action=reinterpret pc=0x00000000026bcc10 method=com.android.dx.cf.code.ByteCatchList.listFor(I)Lcom/android/dx/cf/code/ByteCatchList; @ 33
Event: 3.093 Thread 0x0000000001fd0800 Uncommon trap: reason=unreached action=reinterpret pc=0x000000000258516c method=com.android.dx.util.LabeledList.set(ILcom/android/dx/util/LabeledItem;)V @ 16
Event: 3.142 Thread 0x0000000001fd0800 Uncommon trap: reason=bimorphic action=maybe_recompile pc=0x0000000002395eb8 method=java.util.HashMap.getNode(ILjava/lang/Object;)Ljava/util/HashMap$Node; @ 126
Event: 3.556 Thread 0x0000000001fd0800 Uncommon trap: reason=unloaded action=reinterpret pc=0x00000000027368d4 method=com.android.dx.ssa.LiteralOpUpgrader$1.visitNonMoveInsn(Lcom/android/dx/ssa/NormalSsaInsn;)V @ 72
Event: 3.557 Thread 0x0000000001fd0800 Uncommon trap: reason=unreached action=reinterpret pc=0x000000000256ed9c method=com.android.dx.ssa.SsaMethod.updateOneDefinition(Lcom/android/dx/ssa/SsaInsn;Lcom/android/dx/rop/code/RegisterSpec;)V @ 4

Internal exceptions (10 events):
Event: 0.554 Thread 0x0000000001fd0800 Exception <a 'java/security/PrivilegedActionException'> (0x00000000eb40b7a0) thrown at [D:\re\workspace\8-2-build-windows-amd64-cygwin\jdk8u25\1677\hotspot\src\share\vm\prims\jvm.cpp, line 1312]
Event: 0.561 Thread 0x0000000001fd0800 Exception <a 'java/security/PrivilegedActionException'> (0x00000000eb4257f8) thrown at [D:\re\workspace\8-2-build-windows-amd64-cygwin\jdk8u25\1677\hotspot\src\share\vm\prims\jvm.cpp, line 1312]
Event: 0.726 Thread 0x0000000001fd0800 Exception <a 'java/security/PrivilegedActionException'> (0x00000000eb66b070) thrown at [D:\re\workspace\8-2-build-windows-amd64-cygwin\jdk8u25\1677\hotspot\src\share\vm\prims\jvm.cpp, line 1312]
Event: 1.066 Thread 0x0000000001fd0800 Exception <a 'java/security/PrivilegedActionException'> (0x00000000eacf61c8) thrown at [D:\re\workspace\8-2-build-windows-amd64-cygwin\jdk8u25\1677\hotspot\src\share\vm\prims\jvm.cpp, line 1312]
Event: 1.069 Thread 0x0000000001fd0800 Exception <a 'java/security/PrivilegedActionException'> (0x00000000eacf96d8) thrown at [D:\re\workspace\8-2-build-windows-amd64-cygwin\jdk8u25\1677\hotspot\src\share\vm\prims\jvm.cpp, line 1312]
Event: 1.125 Thread 0x0000000001fd0800 Implicit null exception at 0x000000000250d3a2 to 0x000000000250d492
Event: 1.243 Thread 0x0000000001fd0800 Exception <a 'java/security/PrivilegedActionException'> (0x00000000eb26e628) thrown at [D:\re\workspace\8-2-build-windows-amd64-cygwin\jdk8u25\1677\hotspot\src\share\vm\prims\jvm.cpp, line 1312]
Event: 2.890 Thread 0x0000000001fd0800 Exception <a 'java/security/PrivilegedActionException'> (0x00000000eba28168) thrown at [D:\re\workspace\8-2-build-windows-amd64-cygwin\jdk8u25\1677\hotspot\src\share\vm\prims\jvm.cpp, line 1312]
Event: 3.219 Thread 0x0000000001fd0800 Exception <a 'java/security/PrivilegedActionException'> (0x00000000eb0c58f8) thrown at [D:\re\workspace\8-2-build-windows-amd64-cygwin\jdk8u25\1677\hotspot\src\share\vm\prims\jvm.cpp, line 1312]
Event: 3.556 Thread 0x0000000001fd0800 Exception <a 'java/security/PrivilegedActionException'> (0x00000000eb50d118) thrown at [D:\re\workspace\8-2-build-windows-amd64-cygwin\jdk8u25\1677\hotspot\src\share\vm\prims\jvm.cpp, line 1312]

Events (10 events):
Event: 8.932 Thread 0x0000000001fd0800 DEOPT PACKING pc=0x0000000002509541 sp=0x0000000001f7ea20
Event: 8.932 Thread 0x0000000001fd0800 DEOPT UNPACKING pc=0x00000000021171bf sp=0x0000000001f7e850 mode 0
Event: 9.658 Thread 0x0000000001fd0800 DEOPT PACKING pc=0x0000000002509541 sp=0x0000000001f7ea20
Event: 9.659 Thread 0x0000000001fd0800 DEOPT UNPACKING pc=0x00000000021171bf sp=0x0000000001f7e850 mode 0
Event: 10.222 Thread 0x0000000001fd0800 DEOPT PACKING pc=0x00000000026ed668 sp=0x0000000001f7f060
Event: 10.222 Thread 0x0000000001fd0800 DEOPT UNPACKING pc=0x00000000021171bf sp=0x0000000001f7ed60 mode 0
Event: 10.466 Thread 0x0000000001fd0800 DEOPT PACKING pc=0x0000000002509541 sp=0x0000000001f7e9d0
Event: 10.466 Thread 0x0000000001fd0800 DEOPT UNPACKING pc=0x00000000021171bf sp=0x0000000001f7e800 mode 0
Event: 11.382 Executing VM operation: ParallelGCFailedAllocation
Event: 11.468 Executing VM operation: ParallelGCFailedAllocation done


Dynamic libraries:
0x00007ff7194d0000 - 0x00007ff719504000 	C:\Program Files\Java\jdk1.8.0_25\bin\java.exe
0x00007ffee2c40000 - 0x00007ffee2dec000 	C:\Windows\SYSTEM32\ntdll.dll
0x00007ffee22b0000 - 0x00007ffee23ee000 	C:\Windows\system32\KERNEL32.DLL
0x00007ffedfe70000 - 0x00007ffedff85000 	C:\Windows\system32\KERNELBASE.dll
0x00007ffede940000 - 0x00007ffede9ce000 	C:\Windows\system32\apphelp.dll
0x00007ffed6890000 - 0x00007ffed68e3000 	C:\Windows\AppPatch\AppPatch64\AcGenral.DLL
0x00007ffee0330000 - 0x00007ffee03da000 	C:\Windows\system32\msvcrt.dll
0x00007ffedfb70000 - 0x00007ffedfb9e000 	C:\Windows\SYSTEM32\SspiCli.dll
0x00007ffee0460000 - 0x00007ffee04b4000 	C:\Windows\system32\SHLWAPI.dll
0x00007ffee2960000 - 0x00007ffee2ad7000 	C:\Windows\system32\USER32.dll
0x00007ffee25a0000 - 0x00007ffee2734000 	C:\Windows\system32\ole32.dll
0x00007ffee0870000 - 0x00007ffee1d89000 	C:\Windows\system32\SHELL32.dll
0x00007ffedf340000 - 0x00007ffedf361000 	C:\Windows\SYSTEM32\USERENV.dll
0x00007ffee2140000 - 0x00007ffee21ea000 	C:\Windows\system32\ADVAPI32.dll
0x00007ffed3c40000 - 0x00007ffed3c5e000 	C:\Windows\SYSTEM32\MPR.dll
0x00007ffee2ae0000 - 0x00007ffee2c21000 	C:\Windows\system32\RPCRT4.dll
0x00007ffee02d0000 - 0x00007ffee0329000 	C:\Windows\SYSTEM32\sechost.dll
0x00007ffee2740000 - 0x00007ffee2951000 	C:\Windows\SYSTEM32\combase.dll
0x00007ffee04c0000 - 0x00007ffee0610000 	C:\Windows\system32\GDI32.dll
0x00007ffedfda0000 - 0x00007ffedfdb5000 	C:\Windows\SYSTEM32\profapi.dll
0x00007ffede1c0000 - 0x00007ffede272000 	C:\Windows\SYSTEM32\SHCORE.dll
0x00007ffee1f80000 - 0x00007ffee1fb6000 	C:\Windows\system32\IMM32.DLL
0x00007ffee1fe0000 - 0x00007ffee2132000 	C:\Windows\system32\MSCTF.dll
0x00007ffedd740000 - 0x00007ffedd9ba000 	C:\Windows\WinSxS\amd64_microsoft.windows.common-controls_6595b64144ccf1df_6.0.9600.17810_none_6240b9c7ecbd0bda\COMCTL32.dll
0x000000005fad0000 - 0x000000005fba2000 	C:\Program Files\Java\jdk1.8.0_25\jre\bin\msvcr100.dll
0x0000000060030000 - 0x000000006088a000 	C:\Program Files\Java\jdk1.8.0_25\jre\bin\server\jvm.dll
0x00007ffed62c0000 - 0x00007ffed62c9000 	C:\Windows\SYSTEM32\WSOCK32.dll
0x00007ffedb710000 - 0x00007ffedb732000 	C:\Windows\SYSTEM32\WINMM.dll
0x00007ffee03f0000 - 0x00007ffee03f7000 	C:\Windows\system32\PSAPI.DLL
0x00007ffee1f20000 - 0x00007ffee1f7a000 	C:\Windows\system32\WS2_32.dll
0x00007ffedb6e0000 - 0x00007ffedb70a000 	C:\Windows\SYSTEM32\WINMMBASE.dll
0x00007ffee0680000 - 0x00007ffee0689000 	C:\Windows\system32\NSI.dll
0x00007ffee0170000 - 0x00007ffee01bf000 	C:\Windows\SYSTEM32\cfgmgr32.dll
0x00007ffedebb0000 - 0x00007ffedebd8000 	C:\Windows\SYSTEM32\DEVOBJ.dll
0x000000005ff40000 - 0x000000005ff4f000 	C:\Program Files\Java\jdk1.8.0_25\jre\bin\verify.dll
0x000000005ff10000 - 0x000000005ff38000 	C:\Program Files\Java\jdk1.8.0_25\jre\bin\java.dll
0x000000005fef0000 - 0x000000005ff06000 	C:\Program Files\Java\jdk1.8.0_25\jre\bin\zip.dll
0x00007ffec8190000 - 0x00007ffec8319000 	C:\Windows\SYSTEM32\dbghelp.dll

VM Arguments:
jvm_args: -Xmx1024M -Dfile.encoding=windows-1252 -Duser.country=US -Duser.language=en -Duser.variant 
java_command: com.android.dx.command.Main --dex --output D:\=-+Study+-=\Projects\Andriod\AndroidStudioProjects\Trip2bd\app\build\intermediates\pre-dexed\debug\classes-ff1ca3fe93dc397f716d7e466ca015e8906196a7.jar D:\=-+Study+-=\Projects\Andriod\AndroidStudioProjects\Trip2bd\app\build\intermediates\exploded-aar\com.google.android.gms\play-services-games\7.0.0\classes.jar
java_class_path (initial): C:\Users\KaziAbdullah\AppData\Local\Android\sdk\build-tools\22.0.1\lib\dx.jar
Launcher Type: SUN_STANDARD

Environment Variables:
PATH=C:\Program Files (x86)\PC Connectivity Solution\;C:\ProgramData\Oracle\Java\javapath;C:\Program Files (x86)\Intel\iCLS Client\;C:\Program Files\Intel\iCLS Client\;C:\Windows\system32;C:\Windows;C:\Windows\System32\Wbem;C:\Windows\System32\WindowsPowerShell\v1.0\;C:\Program Files\Intel\Intel(R) Management Engine Components\DAL;C:\Program Files\Intel\Intel(R) Management Engine Components\IPT;C:\Program Files (x86)\Intel\Intel(R) Management Engine Components\DAL;C:\Program Files (x86)\Intel\Intel(R) Management Engine Components\IPT;C:\wamp\bin\php\php5.5.12;C:\ProgramData\ComposerSetup\bin;C:\Users\KaziAbdullah\AppData\Roaming\Composer\vendor\bin
USERNAME=KaziAbdullah
OS=Windows_NT
PROCESSOR_IDENTIFIER=Intel64 Family 6 Model 58 Stepping 9, GenuineIntel



---------------  S Y S T E M  ---------------

OS: Windows 8.1 , 64 bit Build 9600 

CPU:total 2 (2 cores per cpu, 1 threads per core) family 6 model 58 stepping 9, cmov, cx8, fxsr, mmx, sse, sse2, sse3, ssse3, sse4.1, sse4.2, popcnt, clmul, erms, tsc, tscinvbit, tscinv

Memory: 4k page, physical 4084952k(260708k free), swap 7230680k(157096k free)

vm_info: Java HotSpot(TM) 64-Bit Server VM (25.25-b02) for windows-amd64 JRE (1.8.0_25-b18), built on Oct  7 2014 14:25:37 by "java_re" with MS VC++ 10.0 (VS2010)

time: Fri Jul 24 04:14:23 2015
elapsed time: 15 seconds (0d 0h 0m 15s)

